Initializing logger
Registering providers
 Failed registering providers because of: proto: (line 1:1194): unable to resolve "alice.checkers.module.v1.Module": "not found"
(1) attached stack trace
  -- stack trace:
  | github.com/cosmosregistry/chain-minimal/cmd/minid/cmd.NewRootCmd.Configs.func3
  | 	/Users/himanshusingh/chain-minimal/pkg/mod/cosmossdk.io/depinject@v1.0.0-alpha.4/config.go:175
  | cosmossdk.io/depinject.containerConfig.apply
  | 	/Users/himanshusingh/chain-minimal/pkg/mod/cosmossdk.io/depinject@v1.0.0-alpha.4/config.go:185
  | cosmossdk.io/depinject.doInject
  | 	/Users/himanshusingh/chain-minimal/pkg/mod/cosmossdk.io/depinject@v1.0.0-alpha.4/inject.go:74
  | cosmossdk.io/depinject.inject
  | 	/Users/himanshusingh/chain-minimal/pkg/mod/cosmossdk.io/depinject@v1.0.0-alpha.4/inject.go:45
  | cosmossdk.io/depinject.Inject
  | 	/Users/himanshusingh/chain-minimal/pkg/mod/cosmossdk.io/depinject@v1.0.0-alpha.4/inject.go:19
  | github.com/cosmosregistry/chain-minimal/cmd/minid/cmd.NewRootCmd
  | 	/Users/himanshusingh/documents/personal/cosmos/chain-minimal/cmd/minid/cmd/root.go:42
  | main.main
  | 	/Users/himanshusingh/documents/personal/cosmos/chain-minimal/cmd/minid/main.go:17
  | runtime.main
  | 	/usr/local/go/src/runtime/proc.go:267
Wraps: (2) attached stack trace
  -- stack trace:
  | github.com/cosmosregistry/chain-minimal/app.AppConfig.Configs.func1
  | 	/Users/himanshusingh/chain-minimal/pkg/mod/cosmossdk.io/depinject@v1.0.0-alpha.4/config.go:175
  | [...repeated from below...]
Wraps: (3) attached stack trace
  -- stack trace:
  | cosmossdk.io/core/appconfig.LoadJSON.Error.func1
  | 	/Users/himanshusingh/chain-minimal/pkg/mod/cosmossdk.io/depinject@v1.0.0-alpha.4/config.go:165
  | cosmossdk.io/depinject.containerConfig.apply
  | 	/Users/himanshusingh/chain-minimal/pkg/mod/cosmossdk.io/depinject@v1.0.0-alpha.4/config.go:185
  | github.com/cosmosregistry/chain-minimal/app.AppConfig.Configs.func1
  | 	/Users/himanshusingh/chain-minimal/pkg/mod/cosmossdk.io/depinject@v1.0.0-alpha.4/config.go:173
  | cosmossdk.io/depinject.containerConfig.apply
  | 	/Users/himanshusingh/chain-minimal/pkg/mod/cosmossdk.io/depinject@v1.0.0-alpha.4/config.go:185
  | github.com/cosmosregistry/chain-minimal/cmd/minid/cmd.NewRootCmd.Configs.func3
  | 	/Users/himanshusingh/chain-minimal/pkg/mod/cosmossdk.io/depinject@v1.0.0-alpha.4/config.go:173
  | cosmossdk.io/depinject.containerConfig.apply
  | 	/Users/himanshusingh/chain-minimal/pkg/mod/cosmossdk.io/depinject@v1.0.0-alpha.4/config.go:185
  | cosmossdk.io/depinject.doInject
  | 	/Users/himanshusingh/chain-minimal/pkg/mod/cosmossdk.io/depinject@v1.0.0-alpha.4/inject.go:74
  | cosmossdk.io/depinject.inject
  | 	/Users/himanshusingh/chain-minimal/pkg/mod/cosmossdk.io/depinject@v1.0.0-alpha.4/inject.go:45
  | cosmossdk.io/depinject.Inject
  | 	/Users/himanshusingh/chain-minimal/pkg/mod/cosmossdk.io/depinject@v1.0.0-alpha.4/inject.go:19
  | github.com/cosmosregistry/chain-minimal/cmd/minid/cmd.NewRootCmd
  | 	/Users/himanshusingh/documents/personal/cosmos/chain-minimal/cmd/minid/cmd/root.go:42
  | main.main
  | 	/Users/himanshusingh/documents/personal/cosmos/chain-minimal/cmd/minid/main.go:17
  | runtime.main
  | 	/usr/local/go/src/runtime/proc.go:267
  | runtime.goexit
  | 	/usr/local/go/src/runtime/asm_amd64.s:1650
Wraps: (4) proto: (line 1:1194): unable to resolve "alice.checkers.module.v1.Module": "not found"
Wraps: (5) protobuf error
Error types: (1) *withstack.withStack (2) *withstack.withStack (3) *withstack.withStack (4) *errors.prefixError (5) *errors.errorString
 Error: proto: (line 1:1194): unable to resolve "alice.checkers.module.v1.Module": "not found"
 Saved graph of container to /Users/himanshusingh/documents/personal/cosmos/chain-minimal/debug_container.dot
